[19:26:07] [main/INFO]: Loading Minecraft 1.21.1 with Fabric Loader 0.16.3
[19:26:07] [main/INFO]: Loading 4 mods:
	- fabricloader 0.16.3
	   \-- mixinextras 0.4.1
	- java 21
	- minecraft 1.21.1
[19:26:07] [main/INFO]: SpongePowered MIXIN Subsystem Version=0.8.7 Source=file:/workspaces/MSX/servidor_minecraft/libraries/net/fabricmc/sponge-mixin/0.15.2+mixin.0.8.7/sponge-mixin-0.15.2+mixin.0.8.7.jar Service=Knot/Fabric Env=SERVER
[19:26:17] [main/INFO]: Environment: Environment[sessionHost=https://sessionserver.mojang.com, servicesHost=https://api.minecraftservices.com, name=PROD]
[19:26:19] [main/INFO]: Loaded 1290 recipes
[19:26:20] [main/INFO]: Loaded 1399 advancements
[19:26:20] [Server thread/INFO]: Starting minecraft server version 1.21.1
[19:26:20] [Server thread/INFO]: Loading properties
[19:26:20] [Server thread/INFO]: Default game type: SURVIVAL
[19:26:20] [Server thread/INFO]: Generating keypair
[19:26:21] [Server thread/INFO]: Starting Minecraft server on *:25565
[19:26:21] [Server thread/INFO]: Using epoll channel type
[19:26:21] [Server thread/WARN]: **** SERVER IS RUNNING IN OFFLINE/INSECURE MODE!
[19:26:21] [Server thread/WARN]: The server will make no attempt to authenticate usernames. Beware.
[19:26:21] [Server thread/WARN]: While this makes the game possible to play without internet access, it also opens up the ability for hackers to connect with any username they choose.
[19:26:21] [Server thread/WARN]: To change this, set "online-mode" to "true" in the server.properties file.
[19:26:21] [Server thread/INFO]: Preparing level "world"
[19:26:27] [Server thread/INFO]: Preparing start region for dimension minecraft:overworld
[19:26:28] [Worker-Main-1/INFO]: Preparing spawn area: 0%
[19:26:28] [Worker-Main-1/INFO]: Preparing spawn area: 0%
[19:26:28] [Server thread/INFO]: Time elapsed: 1039 ms
[19:26:28] [Server thread/INFO]: Done (7.376s)! For help, type "help"
[19:26:35] [Server thread/INFO]: G_A_S_D_[/127.162.35.251:54975] logged in with entity id 62 at (26.899647564829735, 81.0, -2.5209290292027466)
[19:26:35] [Server thread/INFO]: G_A_S_D_ joined the game
[19:27:24] [Server thread/INFO]: Made G_A_S_D_ a server operator
[19:27:30] [Server thread/INFO]: [G_A_S_D_: Reloading!]
[19:27:31] [Server thread/INFO]: Loaded 1290 recipes
[19:27:31] [Server thread/INFO]: Loaded 1399 advancements
[19:27:45] [Server thread/INFO]: [G_A_S_D_: Set own game mode to Spectator Mode]
[19:31:19] [Server thread/INFO]: Stopping the server
[19:31:19] [Server thread/INFO]: Stopping server
[19:31:19] [Server thread/INFO]: Saving players
[19:31:19] [Server thread/INFO]: Saving worlds
[19:31:20] [Server thread/INFO]: Saving chunks for level 'ServerLevel[world]'/minecraft:overworld
[19:31:20] [Server thread/INFO]: Saving chunks for level 'ServerLevel[world]'/minecraft:the_end
[19:31:20] [Server thread/INFO]: Saving chunks for level 'ServerLevel[world]'/minecraft:the_nether
[19:31:20] [Server thread/INFO]: ThreadedAnvilChunkStorage (world): All chunks are saved
[19:31:20] [Server thread/INFO]: ThreadedAnvilChunkStorage (DIM1): All chunks are saved
[19:31:20] [Server thread/INFO]: ThreadedAnvilChunkStorage (DIM-1): All chunks are saved
[19:31:20] [Server thread/INFO]: ThreadedAnvilChunkStorage: All dimensions are saved
